{"E:\\UET\\ExerciceCode\\HK1_2024_2025\\Vanilla-JavaScript-Calculator\\script.js": {"path":"E:\\UET\\ExerciceCode\\HK1_2024_2025\\Vanilla-JavaScript-Calculator\\script.js","statementMap":{"0":{"start":{"line":3,"column":4},"end":{"line":3,"column":64}},"1":{"start":{"line":4,"column":4},"end":{"line":4,"column":62}},"2":{"start":{"line":5,"column":4},"end":{"line":5,"column":16}},"3":{"start":{"line":9,"column":4},"end":{"line":9,"column":28}},"4":{"start":{"line":10,"column":4},"end":{"line":10,"column":29}},"5":{"start":{"line":11,"column":4},"end":{"line":11,"column":30}},"6":{"start":{"line":15,"column":4},"end":{"line":15,"column":69}},"7":{"start":{"line":19,"column":4},"end":{"line":19,"column":67}},"8":{"start":{"line":19,"column":61},"end":{"line":19,"column":67}},"9":{"start":{"line":20,"column":4},"end":{"line":20,"column":76}},"10":{"start":{"line":24,"column":4},"end":{"line":24,"column":42}},"11":{"start":{"line":24,"column":36},"end":{"line":24,"column":42}},"12":{"start":{"line":25,"column":4},"end":{"line":27,"column":5}},"13":{"start":{"line":26,"column":6},"end":{"line":26,"column":20}},"14":{"start":{"line":28,"column":4},"end":{"line":28,"column":30}},"15":{"start":{"line":29,"column":4},"end":{"line":29,"column":46}},"16":{"start":{"line":30,"column":4},"end":{"line":30,"column":28}},"17":{"start":{"line":35,"column":17},"end":{"line":35,"column":49}},"18":{"start":{"line":36,"column":20},"end":{"line":36,"column":51}},"19":{"start":{"line":37,"column":4},"end":{"line":37,"column":45}},"20":{"start":{"line":37,"column":39},"end":{"line":37,"column":45}},"21":{"start":{"line":38,"column":4},"end":{"line":53,"column":5}},"22":{"start":{"line":40,"column":8},"end":{"line":40,"column":36}},"23":{"start":{"line":41,"column":8},"end":{"line":41,"column":13}},"24":{"start":{"line":43,"column":8},"end":{"line":43,"column":36}},"25":{"start":{"line":44,"column":8},"end":{"line":44,"column":13}},"26":{"start":{"line":46,"column":8},"end":{"line":46,"column":36}},"27":{"start":{"line":47,"column":8},"end":{"line":47,"column":13}},"28":{"start":{"line":49,"column":8},"end":{"line":49,"column":36}},"29":{"start":{"line":50,"column":8},"end":{"line":50,"column":13}},"30":{"start":{"line":52,"column":8},"end":{"line":52,"column":14}},"31":{"start":{"line":54,"column":4},"end":{"line":54,"column":37}},"32":{"start":{"line":55,"column":4},"end":{"line":55,"column":30}},"33":{"start":{"line":56,"column":4},"end":{"line":56,"column":29}},"34":{"start":{"line":60,"column":25},"end":{"line":60,"column":42}},"35":{"start":{"line":61,"column":26},"end":{"line":61,"column":64}},"36":{"start":{"line":62,"column":26},"end":{"line":62,"column":52}},"37":{"start":{"line":64,"column":4},"end":{"line":68,"column":5}},"38":{"start":{"line":65,"column":6},"end":{"line":65,"column":25}},"39":{"start":{"line":67,"column":6},"end":{"line":67,"column":87}},"40":{"start":{"line":69,"column":4},"end":{"line":73,"column":5}},"41":{"start":{"line":70,"column":6},"end":{"line":70,"column":49}},"42":{"start":{"line":72,"column":6},"end":{"line":72,"column":27}},"43":{"start":{"line":77,"column":4},"end":{"line":78,"column":48}},"44":{"start":{"line":79,"column":4},"end":{"line":84,"column":5}},"45":{"start":{"line":80,"column":6},"end":{"line":81,"column":74}},"46":{"start":{"line":83,"column":6},"end":{"line":83,"column":52}},"47":{"start":{"line":89,"column":22},"end":{"line":89,"column":64}},"48":{"start":{"line":90,"column":25},"end":{"line":90,"column":70}},"49":{"start":{"line":91,"column":21},"end":{"line":91,"column":60}},"50":{"start":{"line":92,"column":21},"end":{"line":92,"column":60}},"51":{"start":{"line":93,"column":23},"end":{"line":93,"column":65}},"52":{"start":{"line":94,"column":35},"end":{"line":94,"column":84}},"53":{"start":{"line":95,"column":34},"end":{"line":95,"column":82}},"54":{"start":{"line":97,"column":19},"end":{"line":97,"column":88}},"55":{"start":{"line":99,"column":0},"end":{"line":104,"column":2}},"56":{"start":{"line":100,"column":2},"end":{"line":103,"column":4}},"57":{"start":{"line":101,"column":4},"end":{"line":101,"column":45}},"58":{"start":{"line":102,"column":4},"end":{"line":102,"column":30}},"59":{"start":{"line":106,"column":0},"end":{"line":111,"column":2}},"60":{"start":{"line":107,"column":2},"end":{"line":110,"column":4}},"61":{"start":{"line":108,"column":4},"end":{"line":108,"column":48}},"62":{"start":{"line":109,"column":4},"end":{"line":109,"column":30}},"63":{"start":{"line":113,"column":0},"end":{"line":116,"column":2}},"64":{"start":{"line":114,"column":2},"end":{"line":114,"column":22}},"65":{"start":{"line":115,"column":2},"end":{"line":115,"column":28}},"66":{"start":{"line":118,"column":0},"end":{"line":121,"column":2}},"67":{"start":{"line":119,"column":2},"end":{"line":119,"column":20}},"68":{"start":{"line":120,"column":2},"end":{"line":120,"column":28}},"69":{"start":{"line":123,"column":0},"end":{"line":126,"column":2}},"70":{"start":{"line":124,"column":2},"end":{"line":124,"column":21}},"71":{"start":{"line":125,"column":2},"end":{"line":125,"column":28}},"72":{"start":{"line":128,"column":0},"end":{"line":128,"column":28}}},"fnMap":{"0":{"name":"(anonymous_0)","decl":{"start":{"line":2,"column":2},"end":{"line":2,"column":3}},"loc":{"start":{"line":2,"column":69},"end":{"line":6,"column":3}},"line":2},"1":{"name":"(anonymous_1)","decl":{"start":{"line":8,"column":2},"end":{"line":8,"column":3}},"loc":{"start":{"line":8,"column":10},"end":{"line":12,"column":3}},"line":8},"2":{"name":"(anonymous_2)","decl":{"start":{"line":14,"column":2},"end":{"line":14,"column":3}},"loc":{"start":{"line":14,"column":11},"end":{"line":16,"column":3}},"line":14},"3":{"name":"(anonymous_3)","decl":{"start":{"line":18,"column":2},"end":{"line":18,"column":3}},"loc":{"start":{"line":18,"column":23},"end":{"line":21,"column":3}},"line":18},"4":{"name":"(anonymous_4)","decl":{"start":{"line":23,"column":2},"end":{"line":23,"column":3}},"loc":{"start":{"line":23,"column":29},"end":{"line":31,"column":3}},"line":23},"5":{"name":"(anonymous_5)","decl":{"start":{"line":33,"column":2},"end":{"line":33,"column":3}},"loc":{"start":{"line":33,"column":12},"end":{"line":57,"column":3}},"line":33},"6":{"name":"(anonymous_6)","decl":{"start":{"line":59,"column":2},"end":{"line":59,"column":3}},"loc":{"start":{"line":59,"column":27},"end":{"line":74,"column":3}},"line":59},"7":{"name":"(anonymous_7)","decl":{"start":{"line":76,"column":2},"end":{"line":76,"column":3}},"loc":{"start":{"line":76,"column":18},"end":{"line":85,"column":3}},"line":76},"8":{"name":"(anonymous_8)","decl":{"start":{"line":99,"column":22},"end":{"line":99,"column":23}},"loc":{"start":{"line":99,"column":32},"end":{"line":104,"column":1}},"line":99},"9":{"name":"(anonymous_9)","decl":{"start":{"line":100,"column":35},"end":{"line":100,"column":36}},"loc":{"start":{"line":100,"column":41},"end":{"line":103,"column":3}},"line":100},"10":{"name":"(anonymous_10)","decl":{"start":{"line":106,"column":25},"end":{"line":106,"column":26}},"loc":{"start":{"line":106,"column":35},"end":{"line":111,"column":1}},"line":106},"11":{"name":"(anonymous_11)","decl":{"start":{"line":107,"column":35},"end":{"line":107,"column":36}},"loc":{"start":{"line":107,"column":41},"end":{"line":110,"column":3}},"line":107},"12":{"name":"(anonymous_12)","decl":{"start":{"line":113,"column":39},"end":{"line":113,"column":40}},"loc":{"start":{"line":113,"column":49},"end":{"line":116,"column":1}},"line":113},"13":{"name":"(anonymous_13)","decl":{"start":{"line":118,"column":41},"end":{"line":118,"column":42}},"loc":{"start":{"line":118,"column":51},"end":{"line":121,"column":1}},"line":118},"14":{"name":"(anonymous_14)","decl":{"start":{"line":123,"column":39},"end":{"line":123,"column":40}},"loc":{"start":{"line":123,"column":49},"end":{"line":126,"column":1}},"line":123}},"branchMap":{"0":{"loc":{"start":{"line":19,"column":4},"end":{"line":19,"column":67}},"type":"if","locations":[{"start":{"line":19,"column":4},"end":{"line":19,"column":67}},{"start":{},"end":{}}],"line":19},"1":{"loc":{"start":{"line":19,"column":8},"end":{"line":19,"column":59}},"type":"binary-expr","locations":[{"start":{"line":19,"column":8},"end":{"line":19,"column":22}},{"start":{"line":19,"column":26},"end":{"line":19,"column":59}}],"line":19},"2":{"loc":{"start":{"line":24,"column":4},"end":{"line":24,"column":42}},"type":"if","locations":[{"start":{"line":24,"column":4},"end":{"line":24,"column":42}},{"start":{},"end":{}}],"line":24},"3":{"loc":{"start":{"line":25,"column":4},"end":{"line":27,"column":5}},"type":"if","locations":[{"start":{"line":25,"column":4},"end":{"line":27,"column":5}},{"start":{},"end":{}}],"line":25},"4":{"loc":{"start":{"line":37,"column":4},"end":{"line":37,"column":45}},"type":"if","locations":[{"start":{"line":37,"column":4},"end":{"line":37,"column":45}},{"start":{},"end":{}}],"line":37},"5":{"loc":{"start":{"line":37,"column":8},"end":{"line":37,"column":37}},"type":"binary-expr","locations":[{"start":{"line":37,"column":8},"end":{"line":37,"column":19}},{"start":{"line":37,"column":23},"end":{"line":37,"column":37}}],"line":37},"6":{"loc":{"start":{"line":38,"column":4},"end":{"line":53,"column":5}},"type":"switch","locations":[{"start":{"line":39,"column":6},"end":{"line":41,"column":13}},{"start":{"line":42,"column":6},"end":{"line":44,"column":13}},{"start":{"line":45,"column":6},"end":{"line":47,"column":13}},{"start":{"line":48,"column":6},"end":{"line":50,"column":13}},{"start":{"line":51,"column":6},"end":{"line":52,"column":14}}],"line":38},"7":{"loc":{"start":{"line":64,"column":4},"end":{"line":68,"column":5}},"type":"if","locations":[{"start":{"line":64,"column":4},"end":{"line":68,"column":5}},{"start":{"line":66,"column":11},"end":{"line":68,"column":5}}],"line":64},"8":{"loc":{"start":{"line":69,"column":4},"end":{"line":73,"column":5}},"type":"if","locations":[{"start":{"line":69,"column":4},"end":{"line":73,"column":5}},{"start":{"line":71,"column":11},"end":{"line":73,"column":5}}],"line":69},"9":{"loc":{"start":{"line":79,"column":4},"end":{"line":84,"column":5}},"type":"if","locations":[{"start":{"line":79,"column":4},"end":{"line":84,"column":5}},{"start":{"line":82,"column":11},"end":{"line":84,"column":5}}],"line":79}},"s":{"0":8,"1":8,"2":8,"3":9,"4":9,"5":9,"6":0,"7":13,"8":0,"9":13,"10":5,"11":0,"12":5,"13":0,"14":5,"15":5,"16":5,"17":4,"18":4,"19":4,"20":0,"21":4,"22":2,"23":2,"24":0,"25":0,"26":1,"27":1,"28":1,"29":1,"30":0,"31":4,"32":4,"33":4,"34":3,"35":3,"36":3,"37":3,"38":0,"39":3,"40":3,"41":0,"42":3,"43":3,"44":3,"45":0,"46":3,"47":1,"48":1,"49":1,"50":1,"51":1,"52":1,"53":1,"54":1,"55":1,"56":3,"57":0,"58":0,"59":1,"60":1,"61":0,"62":0,"63":1,"64":0,"65":0,"66":1,"67":0,"68":0,"69":1,"70":0,"71":0,"72":1},"f":{"0":8,"1":9,"2":0,"3":13,"4":5,"5":4,"6":3,"7":3,"8":3,"9":0,"10":1,"11":0,"12":0,"13":0,"14":0},"b":{"0":[0,13],"1":[13,0],"2":[0,5],"3":[0,5],"4":[0,4],"5":[4,4],"6":[2,0,1,1,0],"7":[0,3],"8":[0,3],"9":[0,3]},"_coverageSchema":"1a1c01bbd47fc00a2c39e90264f33305004495a9","hash":"307d01f3f9092c1c576c353544e4ea2926651c70"}
}
