TN:
SF:script.js
FN:2,(anonymous_0)
FN:8,(anonymous_1)
FN:14,(anonymous_2)
FN:18,(anonymous_3)
FN:23,(anonymous_4)
FN:33,(anonymous_5)
FN:59,(anonymous_6)
FN:76,(anonymous_7)
FN:99,(anonymous_8)
FN:100,(anonymous_9)
FN:106,(anonymous_10)
FN:107,(anonymous_11)
FN:113,(anonymous_12)
FN:118,(anonymous_13)
FN:123,(anonymous_14)
FNF:15
FNH:9
FNDA:8,(anonymous_0)
FNDA:9,(anonymous_1)
FNDA:0,(anonymous_2)
FNDA:13,(anonymous_3)
FNDA:5,(anonymous_4)
FNDA:4,(anonymous_5)
FNDA:3,(anonymous_6)
FNDA:3,(anonymous_7)
FNDA:3,(anonymous_8)
FNDA:0,(anonymous_9)
FNDA:1,(anonymous_10)
FNDA:0,(anonymous_11)
FNDA:0,(anonymous_12)
FNDA:0,(anonymous_13)
FNDA:0,(anonymous_14)
DA:3,8
DA:4,8
DA:5,8
DA:9,9
DA:10,9
DA:11,9
DA:15,0
DA:19,13
DA:20,13
DA:24,5
DA:25,5
DA:26,0
DA:28,5
DA:29,5
DA:30,5
DA:35,4
DA:36,4
DA:37,4
DA:38,4
DA:40,2
DA:41,2
DA:43,0
DA:44,0
DA:46,1
DA:47,1
DA:49,1
DA:50,1
DA:52,0
DA:54,4
DA:55,4
DA:56,4
DA:60,3
DA:61,3
DA:62,3
DA:64,3
DA:65,0
DA:67,3
DA:69,3
DA:70,0
DA:72,3
DA:77,3
DA:79,3
DA:80,0
DA:83,3
DA:89,1
DA:90,1
DA:91,1
DA:92,1
DA:93,1
DA:94,1
DA:95,1
DA:97,1
DA:99,1
DA:100,3
DA:101,0
DA:102,0
DA:106,1
DA:107,1
DA:108,0
DA:109,0
DA:113,1
DA:114,0
DA:115,0
DA:118,1
DA:119,0
DA:120,0
DA:123,1
DA:124,0
DA:125,0
DA:128,1
LF:70
LH:52
BRDA:19,0,0,0
BRDA:19,0,1,13
BRDA:19,1,0,13
BRDA:19,1,1,0
BRDA:24,2,0,0
BRDA:24,2,1,5
BRDA:25,3,0,0
BRDA:25,3,1,5
BRDA:37,4,0,0
BRDA:37,4,1,4
BRDA:37,5,0,4
BRDA:37,5,1,4
BRDA:38,6,0,2
BRDA:38,6,1,0
BRDA:38,6,2,1
BRDA:38,6,3,1
BRDA:38,6,4,0
BRDA:64,7,0,0
BRDA:64,7,1,3
BRDA:69,8,0,0
BRDA:69,8,1,3
BRDA:79,9,0,0
BRDA:79,9,1,3
BRF:23
BRH:13
end_of_record
